{"/Users/rytisrazmus/praktika/bandymas/hmm/hmm/src/components/Add-Post.vue": {"path":"/Users/rytisrazmus/praktika/bandymas/hmm/hmm/src/components/Add-Post.vue","statementMap":{"0":{"start":{"line":30,"column":0},"end":{"line":30,"column":null}},"1":{"start":{"line":31,"column":0},"end":{"line":31,"column":null}},"2":{"start":{"line":36,"column":0},"end":{"line":36,"column":null}},"3":{"start":{"line":45,"column":0},"end":{"line":45,"column":null}},"4":{"start":{"line":46,"column":0},"end":{"line":46,"column":null}},"5":{"start":{"line":47,"column":0},"end":{"line":51,"column":null}},"6":{"start":{"line":48,"column":0},"end":{"line":48,"column":null}},"7":{"start":{"line":50,"column":0},"end":{"line":50,"column":null}},"8":{"start":{"line":52,"column":0},"end":{"line":61,"column":null}},"9":{"start":{"line":53,"column":0},"end":{"line":56,"column":null}},"10":{"start":{"line":54,"column":0},"end":{"line":54,"column":null}},"11":{"start":{"line":55,"column":0},"end":{"line":55,"column":null}},"12":{"start":{"line":57,"column":0},"end":{"line":57,"column":null}},"13":{"start":{"line":58,"column":0},"end":{"line":58,"column":null}},"14":{"start":{"line":60,"column":0},"end":{"line":60,"column":null}},"15":{"start":{"line":64,"column":0},"end":{"line":64,"column":null}},"16":{"start":{"line":69,"column":0},"end":{"line":69,"column":null}},"17":{"start":{"line":73,"column":0},"end":{"line":75,"column":null}},"18":{"start":{"line":74,"column":0},"end":{"line":74,"column":null}}},"fnMap":{"0":{"name":"(anonymous_1)","decl":{"start":{"line":35,"column":0},"end":{"line":35,"column":null}},"loc":{"start":{"line":35,"column":0},"end":{"line":42,"column":null}}},"1":{"name":"(anonymous_2)","decl":{"start":{"line":44,"column":0},"end":{"line":44,"column":null}},"loc":{"start":{"line":44,"column":0},"end":{"line":62,"column":null}}},"2":{"name":"(anonymous_3)","decl":{"start":{"line":53,"column":0},"end":{"line":53,"column":null}},"loc":{"start":{"line":53,"column":0},"end":{"line":56,"column":null}}},"3":{"name":"(anonymous_4)","decl":{"start":{"line":63,"column":0},"end":{"line":63,"column":null}},"loc":{"start":{"line":63,"column":0},"end":{"line":70,"column":null}}},"4":{"name":"(anonymous_5)","decl":{"start":{"line":72,"column":0},"end":{"line":72,"column":null}},"loc":{"start":{"line":72,"column":0},"end":{"line":76,"column":null}}}},"branchMap":{"0":{"loc":{"start":{"line":47,"column":0},"end":{"line":51,"column":null}},"type":"if","locations":[{"start":{"line":47,"column":0},"end":{"line":51,"column":null}},{"start":{"line":47,"column":0},"end":{"line":51,"column":null}}]},"1":{"loc":{"start":{"line":47,"column":0},"end":{"line":47,"column":null}},"type":"binary-expr","locations":[{"start":{"line":47,"column":0},"end":{"line":47,"column":null}},{"start":{"line":47,"column":0},"end":{"line":47,"column":null}}]},"2":{"loc":{"start":{"line":52,"column":0},"end":{"line":61,"column":null}},"type":"if","locations":[{"start":{"line":52,"column":0},"end":{"line":61,"column":null}},{"start":{"line":52,"column":0},"end":{"line":61,"column":null}}]},"3":{"loc":{"start":{"line":52,"column":0},"end":{"line":52,"column":null}},"type":"binary-expr","locations":[{"start":{"line":52,"column":0},"end":{"line":52,"column":null}},{"start":{"line":52,"column":0},"end":{"line":52,"column":null}}]},"4":{"loc":{"start":{"line":73,"column":0},"end":{"line":75,"column":null}},"type":"if","locations":[{"start":{"line":73,"column":0},"end":{"line":75,"column":null}},{"start":{"line":73,"column":0},"end":{"line":75,"column":null}}]}},"s":{"0":4,"1":4,"2":3,"3":2,"4":2,"5":2,"6":0,"7":2,"8":2,"9":1,"10":1,"11":1,"12":1,"13":1,"14":1,"15":1,"16":0,"17":3,"18":1},"f":{"0":3,"1":2,"2":1,"3":1,"4":3},"b":{"0":[0,2],"1":[2,2],"2":[1,1],"3":[2,2],"4":[1,2]}}
,"/Users/rytisrazmus/praktika/bandymas/hmm/hmm/src/components/Chat.vue": {"path":"/Users/rytisrazmus/praktika/bandymas/hmm/hmm/src/components/Chat.vue","statementMap":{"0":{"start":{"line":26,"column":0},"end":{"line":26,"column":null}},"1":{"start":{"line":29,"column":0},"end":{"line":31,"column":null}},"2":{"start":{"line":30,"column":0},"end":{"line":30,"column":null}},"3":{"start":{"line":32,"column":0},"end":{"line":32,"column":null}}},"fnMap":{"0":{"name":"(anonymous_1)","decl":{"start":{"line":25,"column":0},"end":{"line":25,"column":null}},"loc":{"start":{"line":25,"column":0},"end":{"line":27,"column":null}}},"1":{"name":"(anonymous_2)","decl":{"start":{"line":28,"column":0},"end":{"line":28,"column":null}},"loc":{"start":{"line":28,"column":0},"end":{"line":33,"column":null}}}},"branchMap":{"0":{"loc":{"start":{"line":29,"column":0},"end":{"line":31,"column":null}},"type":"if","locations":[{"start":{"line":29,"column":0},"end":{"line":31,"column":null}},{"start":{"line":29,"column":0},"end":{"line":31,"column":null}}]}},"s":{"0":0,"1":1,"2":0,"3":1},"f":{"0":0,"1":1},"b":{"0":[0,1]}}
,"/Users/rytisrazmus/praktika/bandymas/hmm/hmm/src/components/ChatWindow.vue": {"path":"/Users/rytisrazmus/praktika/bandymas/hmm/hmm/src/components/ChatWindow.vue","statementMap":{"0":{"start":{"line":25,"column":0},"end":{"line":25,"column":null}},"1":{"start":{"line":26,"column":0},"end":{"line":26,"column":null}},"2":{"start":{"line":35,"column":0},"end":{"line":35,"column":null}},"3":{"start":{"line":43,"column":0},"end":{"line":43,"column":null}},"4":{"start":{"line":44,"column":0},"end":{"line":44,"column":null}},"5":{"start":{"line":46,"column":0},"end":{"line":46,"column":null}},"6":{"start":{"line":47,"column":0},"end":{"line":51,"column":null}},"7":{"start":{"line":47,"column":0},"end":{"line":47,"column":null}},"8":{"start":{"line":48,"column":0},"end":{"line":48,"column":null}},"9":{"start":{"line":52,"column":0},"end":{"line":52,"column":null}},"10":{"start":{"line":55,"column":0},"end":{"line":55,"column":null}},"11":{"start":{"line":56,"column":0},"end":{"line":58,"column":null}},"12":{"start":{"line":57,"column":0},"end":{"line":57,"column":null}},"13":{"start":{"line":59,"column":0},"end":{"line":59,"column":null}},"14":{"start":{"line":62,"column":0},"end":{"line":62,"column":null}},"15":{"start":{"line":66,"column":0},"end":{"line":66,"column":null}},"16":{"start":{"line":67,"column":0},"end":{"line":67,"column":null}},"17":{"start":{"line":68,"column":0},"end":{"line":68,"column":null}},"18":{"start":{"line":69,"column":0},"end":{"line":69,"column":null}},"19":{"start":{"line":75,"column":0},"end":{"line":75,"column":null}},"20":{"start":{"line":81,"column":0},"end":{"line":81,"column":null}},"21":{"start":{"line":82,"column":0},"end":{"line":82,"column":null}},"22":{"start":{"line":85,"column":0},"end":{"line":85,"column":null}},"23":{"start":{"line":86,"column":0},"end":{"line":86,"column":null}},"24":{"start":{"line":87,"column":0},"end":{"line":87,"column":null}},"25":{"start":{"line":88,"column":0},"end":{"line":99,"column":null}},"26":{"start":{"line":96,"column":0},"end":{"line":96,"column":null}},"27":{"start":{"line":98,"column":0},"end":{"line":98,"column":null}},"28":{"start":{"line":102,"column":0},"end":{"line":102,"column":null}},"29":{"start":{"line":108,"column":0},"end":{"line":108,"column":null}},"30":{"start":{"line":111,"column":0},"end":{"line":117,"column":null}},"31":{"start":{"line":112,"column":0},"end":{"line":116,"column":null}},"32":{"start":{"line":113,"column":0},"end":{"line":115,"column":null}},"33":{"start":{"line":114,"column":0},"end":{"line":114,"column":null}},"34":{"start":{"line":118,"column":0},"end":{"line":118,"column":null}},"35":{"start":{"line":122,"column":0},"end":{"line":122,"column":null}}},"fnMap":{"0":{"name":"(anonymous_1)","decl":{"start":{"line":33,"column":0},"end":{"line":33,"column":null}},"loc":{"start":{"line":33,"column":0},"end":{"line":40,"column":null}}},"1":{"name":"(anonymous_2)","decl":{"start":{"line":42,"column":0},"end":{"line":42,"column":null}},"loc":{"start":{"line":42,"column":0},"end":{"line":53,"column":null}}},"2":{"name":"(anonymous_3)","decl":{"start":{"line":54,"column":0},"end":{"line":54,"column":null}},"loc":{"start":{"line":54,"column":0},"end":{"line":60,"column":null}}},"3":{"name":"(anonymous_4)","decl":{"start":{"line":61,"column":0},"end":{"line":61,"column":null}},"loc":{"start":{"line":61,"column":0},"end":{"line":63,"column":null}}},"4":{"name":"(anonymous_5)","decl":{"start":{"line":64,"column":0},"end":{"line":64,"column":null}},"loc":{"start":{"line":64,"column":0},"end":{"line":83,"column":null}}},"5":{"name":"(anonymous_6)","decl":{"start":{"line":84,"column":0},"end":{"line":84,"column":null}},"loc":{"start":{"line":84,"column":0},"end":{"line":100,"column":null}}},"6":{"name":"(anonymous_7)","decl":{"start":{"line":89,"column":0},"end":{"line":89,"column":null}},"loc":{"start":{"line":89,"column":0},"end":{"line":97,"column":null}}},"7":{"name":"(anonymous_8)","decl":{"start":{"line":97,"column":0},"end":{"line":97,"column":null}},"loc":{"start":{"line":97,"column":0},"end":{"line":99,"column":null}}},"8":{"name":"(anonymous_9)","decl":{"start":{"line":101,"column":0},"end":{"line":101,"column":null}},"loc":{"start":{"line":101,"column":0},"end":{"line":105,"column":null}}},"9":{"name":"(anonymous_10)","decl":{"start":{"line":107,"column":0},"end":{"line":107,"column":null}},"loc":{"start":{"line":107,"column":0},"end":{"line":109,"column":null}}},"10":{"name":"(anonymous_11)","decl":{"start":{"line":110,"column":0},"end":{"line":110,"column":null}},"loc":{"start":{"line":110,"column":0},"end":{"line":119,"column":null}}},"11":{"name":"(anonymous_12)","decl":{"start":{"line":112,"column":0},"end":{"line":112,"column":null}},"loc":{"start":{"line":112,"column":0},"end":{"line":116,"column":null}}},"12":{"name":"(anonymous_13)","decl":{"start":{"line":121,"column":0},"end":{"line":121,"column":null}},"loc":{"start":{"line":121,"column":0},"end":{"line":123,"column":null}}}},"branchMap":{"0":{"loc":{"start":{"line":56,"column":0},"end":{"line":58,"column":null}},"type":"if","locations":[{"start":{"line":56,"column":0},"end":{"line":58,"column":null}},{"start":{"line":56,"column":0},"end":{"line":58,"column":null}}]},"1":{"loc":{"start":{"line":111,"column":0},"end":{"line":117,"column":null}},"type":"if","locations":[{"start":{"line":111,"column":0},"end":{"line":117,"column":null}},{"start":{"line":111,"column":0},"end":{"line":117,"column":null}}]},"2":{"loc":{"start":{"line":113,"column":0},"end":{"line":115,"column":null}},"type":"if","locations":[{"start":{"line":113,"column":0},"end":{"line":115,"column":null}},{"start":{"line":113,"column":0},"end":{"line":115,"column":null}}]}},"s":{"0":3,"1":3,"2":1,"3":1,"4":1,"5":1,"6":1,"7":1,"8":20,"9":1,"10":1,"11":1,"12":1,"13":0,"14":0,"15":0,"16":0,"17":0,"18":0,"19":0,"20":0,"21":0,"22":1,"23":1,"24":1,"25":1,"26":0,"27":1,"28":0,"29":0,"30":1,"31":0,"32":0,"33":0,"34":1,"35":0},"f":{"0":1,"1":1,"2":1,"3":0,"4":0,"5":1,"6":0,"7":1,"8":0,"9":0,"10":1,"11":0,"12":0},"b":{"0":[1,0],"1":[0,1],"2":[0,0]}}
,"/Users/rytisrazmus/praktika/bandymas/hmm/hmm/src/components/Comments.vue": {"path":"/Users/rytisrazmus/praktika/bandymas/hmm/hmm/src/components/Comments.vue","statementMap":{"0":{"start":{"line":30,"column":0},"end":{"line":30,"column":null}},"1":{"start":{"line":36,"column":0},"end":{"line":36,"column":null}},"2":{"start":{"line":37,"column":0},"end":{"line":37,"column":null}}},"fnMap":{"0":{"name":"(anonymous_1)","decl":{"start":{"line":29,"column":0},"end":{"line":29,"column":null}},"loc":{"start":{"line":29,"column":0},"end":{"line":33,"column":null}}},"1":{"name":"(anonymous_2)","decl":{"start":{"line":35,"column":0},"end":{"line":35,"column":null}},"loc":{"start":{"line":35,"column":0},"end":{"line":38,"column":null}}},"2":{"name":"(anonymous_3)","decl":{"start":{"line":40,"column":0},"end":{"line":40,"column":null}},"loc":{"start":{"line":40,"column":0},"end":{"line":40,"column":null}}}},"branchMap":{},"s":{"0":2,"1":0,"2":0},"f":{"0":2,"1":0,"2":2},"b":{}}
,"/Users/rytisrazmus/praktika/bandymas/hmm/hmm/src/components/Feed.vue": {"path":"/Users/rytisrazmus/praktika/bandymas/hmm/hmm/src/components/Feed.vue","statementMap":{"0":{"start":{"line":17,"column":0},"end":{"line":17,"column":null}},"1":{"start":{"line":18,"column":0},"end":{"line":18,"column":null}},"2":{"start":{"line":19,"column":0},"end":{"line":19,"column":null}},"3":{"start":{"line":20,"column":0},"end":{"line":20,"column":null}},"4":{"start":{"line":21,"column":0},"end":{"line":21,"column":null}},"5":{"start":{"line":22,"column":0},"end":{"line":22,"column":null}},"6":{"start":{"line":23,"column":0},"end":{"line":23,"column":null}},"7":{"start":{"line":34,"column":0},"end":{"line":34,"column":null}},"8":{"start":{"line":44,"column":0},"end":{"line":44,"column":null}},"9":{"start":{"line":45,"column":0},"end":{"line":45,"column":null}},"10":{"start":{"line":48,"column":0},"end":{"line":48,"column":null}},"11":{"start":{"line":51,"column":0},"end":{"line":51,"column":null}},"12":{"start":{"line":52,"column":0},"end":{"line":52,"column":null}},"13":{"start":{"line":57,"column":0},"end":{"line":57,"column":null}},"14":{"start":{"line":61,"column":0},"end":{"line":63,"column":null}},"15":{"start":{"line":62,"column":0},"end":{"line":62,"column":null}},"16":{"start":{"line":64,"column":0},"end":{"line":68,"column":null}},"17":{"start":{"line":65,"column":0},"end":{"line":65,"column":null}},"18":{"start":{"line":67,"column":0},"end":{"line":67,"column":null}},"19":{"start":{"line":71,"column":0},"end":{"line":76,"column":null}},"20":{"start":{"line":72,"column":0},"end":{"line":72,"column":null}},"21":{"start":{"line":73,"column":0},"end":{"line":73,"column":null}}},"fnMap":{"0":{"name":"(anonymous_1)","decl":{"start":{"line":33,"column":0},"end":{"line":33,"column":null}},"loc":{"start":{"line":33,"column":0},"end":{"line":41,"column":null}}},"1":{"name":"(anonymous_2)","decl":{"start":{"line":43,"column":0},"end":{"line":43,"column":null}},"loc":{"start":{"line":43,"column":0},"end":{"line":46,"column":null}}},"2":{"name":"(anonymous_3)","decl":{"start":{"line":47,"column":0},"end":{"line":47,"column":null}},"loc":{"start":{"line":47,"column":0},"end":{"line":49,"column":null}}},"3":{"name":"(anonymous_4)","decl":{"start":{"line":50,"column":0},"end":{"line":50,"column":null}},"loc":{"start":{"line":50,"column":0},"end":{"line":58,"column":null}}},"4":{"name":"(anonymous_5)","decl":{"start":{"line":60,"column":0},"end":{"line":60,"column":null}},"loc":{"start":{"line":60,"column":0},"end":{"line":69,"column":null}}},"5":{"name":"(anonymous_6)","decl":{"start":{"line":62,"column":0},"end":{"line":62,"column":null}},"loc":{"start":{"line":62,"column":0},"end":{"line":62,"column":null}}},"6":{"name":"(anonymous_7)","decl":{"start":{"line":64,"column":0},"end":{"line":64,"column":null}},"loc":{"start":{"line":64,"column":0},"end":{"line":66,"column":null}}},"7":{"name":"(anonymous_8)","decl":{"start":{"line":66,"column":0},"end":{"line":66,"column":null}},"loc":{"start":{"line":66,"column":0},"end":{"line":68,"column":null}}},"8":{"name":"(anonymous_9)","decl":{"start":{"line":70,"column":0},"end":{"line":70,"column":null}},"loc":{"start":{"line":70,"column":0},"end":{"line":77,"column":null}}}},"branchMap":{"0":{"loc":{"start":{"line":61,"column":0},"end":{"line":63,"column":null}},"type":"if","locations":[{"start":{"line":61,"column":0},"end":{"line":63,"column":null}},{"start":{"line":61,"column":0},"end":{"line":63,"column":null}}]},"1":{"loc":{"start":{"line":71,"column":0},"end":{"line":76,"column":null}},"type":"if","locations":[{"start":{"line":71,"column":0},"end":{"line":76,"column":null}},{"start":{"line":71,"column":0},"end":{"line":76,"column":null}}]}},"s":{"0":2,"1":2,"2":2,"3":2,"4":2,"5":2,"6":2,"7":1,"8":0,"9":0,"10":0,"11":2,"12":2,"13":2,"14":1,"15":1,"16":1,"17":1,"18":0,"19":1,"20":1,"21":1},"f":{"0":1,"1":0,"2":0,"3":2,"4":1,"5":0,"6":1,"7":0,"8":1},"b":{"0":[1,0],"1":[1,0]}}
,"/Users/rytisrazmus/praktika/bandymas/hmm/hmm/src/components/Header.vue": {"path":"/Users/rytisrazmus/praktika/bandymas/hmm/hmm/src/components/Header.vue","statementMap":{"0":{"start":{"line":67,"column":0},"end":{"line":67,"column":null}},"1":{"start":{"line":68,"column":0},"end":{"line":68,"column":null}},"2":{"start":{"line":69,"column":0},"end":{"line":69,"column":null}},"3":{"start":{"line":75,"column":0},"end":{"line":75,"column":null}},"4":{"start":{"line":85,"column":0},"end":{"line":85,"column":null}},"5":{"start":{"line":88,"column":0},"end":{"line":98,"column":null}},"6":{"start":{"line":94,"column":0},"end":{"line":94,"column":null}},"7":{"start":{"line":97,"column":0},"end":{"line":97,"column":null}},"8":{"start":{"line":101,"column":0},"end":{"line":111,"column":null}},"9":{"start":{"line":107,"column":0},"end":{"line":107,"column":null}},"10":{"start":{"line":110,"column":0},"end":{"line":110,"column":null}},"11":{"start":{"line":114,"column":0},"end":{"line":123,"column":null}},"12":{"start":{"line":115,"column":0},"end":{"line":115,"column":null}},"13":{"start":{"line":120,"column":0},"end":{"line":120,"column":null}},"14":{"start":{"line":122,"column":0},"end":{"line":122,"column":null}},"15":{"start":{"line":126,"column":0},"end":{"line":128,"column":null}},"16":{"start":{"line":127,"column":0},"end":{"line":127,"column":null}},"17":{"start":{"line":129,"column":0},"end":{"line":129,"column":null}},"18":{"start":{"line":132,"column":0},"end":{"line":132,"column":null}},"19":{"start":{"line":133,"column":0},"end":{"line":135,"column":null}},"20":{"start":{"line":134,"column":0},"end":{"line":134,"column":null}},"21":{"start":{"line":136,"column":0},"end":{"line":136,"column":null}},"22":{"start":{"line":139,"column":0},"end":{"line":139,"column":null}},"23":{"start":{"line":140,"column":0},"end":{"line":146,"column":null}},"24":{"start":{"line":141,"column":0},"end":{"line":142,"column":null}},"25":{"start":{"line":145,"column":0},"end":{"line":145,"column":null}},"26":{"start":{"line":150,"column":0},"end":{"line":150,"column":null}},"27":{"start":{"line":151,"column":0},"end":{"line":151,"column":null}},"28":{"start":{"line":152,"column":0},"end":{"line":152,"column":null}}},"fnMap":{"0":{"name":"(anonymous_1)","decl":{"start":{"line":74,"column":0},"end":{"line":74,"column":null}},"loc":{"start":{"line":74,"column":0},"end":{"line":82,"column":null}}},"1":{"name":"(anonymous_2)","decl":{"start":{"line":84,"column":0},"end":{"line":84,"column":null}},"loc":{"start":{"line":84,"column":0},"end":{"line":86,"column":null}}},"2":{"name":"(anonymous_3)","decl":{"start":{"line":87,"column":0},"end":{"line":87,"column":null}},"loc":{"start":{"line":87,"column":0},"end":{"line":99,"column":null}}},"3":{"name":"(anonymous_4)","decl":{"start":{"line":89,"column":0},"end":{"line":89,"column":null}},"loc":{"start":{"line":89,"column":0},"end":{"line":95,"column":null}}},"4":{"name":"(anonymous_5)","decl":{"start":{"line":95,"column":0},"end":{"line":95,"column":null}},"loc":{"start":{"line":95,"column":0},"end":{"line":98,"column":null}}},"5":{"name":"(anonymous_6)","decl":{"start":{"line":100,"column":0},"end":{"line":100,"column":null}},"loc":{"start":{"line":100,"column":0},"end":{"line":112,"column":null}}},"6":{"name":"(anonymous_7)","decl":{"start":{"line":102,"column":0},"end":{"line":102,"column":null}},"loc":{"start":{"line":102,"column":0},"end":{"line":108,"column":null}}},"7":{"name":"(anonymous_8)","decl":{"start":{"line":108,"column":0},"end":{"line":108,"column":null}},"loc":{"start":{"line":108,"column":0},"end":{"line":111,"column":null}}},"8":{"name":"(anonymous_9)","decl":{"start":{"line":113,"column":0},"end":{"line":113,"column":null}},"loc":{"start":{"line":113,"column":0},"end":{"line":124,"column":null}}},"9":{"name":"(anonymous_10)","decl":{"start":{"line":125,"column":0},"end":{"line":125,"column":null}},"loc":{"start":{"line":125,"column":0},"end":{"line":130,"column":null}}},"10":{"name":"(anonymous_11)","decl":{"start":{"line":131,"column":0},"end":{"line":131,"column":null}},"loc":{"start":{"line":131,"column":0},"end":{"line":137,"column":null}}},"11":{"name":"(anonymous_12)","decl":{"start":{"line":138,"column":0},"end":{"line":138,"column":null}},"loc":{"start":{"line":138,"column":0},"end":{"line":147,"column":null}}},"12":{"name":"(anonymous_13)","decl":{"start":{"line":142,"column":0},"end":{"line":142,"column":null}},"loc":{"start":{"line":142,"column":0},"end":{"line":142,"column":null}}},"13":{"name":"(anonymous_14)","decl":{"start":{"line":145,"column":0},"end":{"line":145,"column":null}},"loc":{"start":{"line":145,"column":0},"end":{"line":145,"column":null}}},"14":{"name":"(anonymous_15)","decl":{"start":{"line":149,"column":0},"end":{"line":149,"column":null}},"loc":{"start":{"line":149,"column":0},"end":{"line":153,"column":null}}}},"branchMap":{"0":{"loc":{"start":{"line":126,"column":0},"end":{"line":128,"column":null}},"type":"if","locations":[{"start":{"line":126,"column":0},"end":{"line":128,"column":null}},{"start":{"line":126,"column":0},"end":{"line":128,"column":null}}]},"1":{"loc":{"start":{"line":133,"column":0},"end":{"line":135,"column":null}},"type":"if","locations":[{"start":{"line":133,"column":0},"end":{"line":135,"column":null}},{"start":{"line":133,"column":0},"end":{"line":135,"column":null}}]},"2":{"loc":{"start":{"line":140,"column":0},"end":{"line":146,"column":null}},"type":"if","locations":[{"start":{"line":140,"column":0},"end":{"line":146,"column":null}},{"start":{"line":140,"column":0},"end":{"line":146,"column":null}}]}},"s":{"0":3,"1":3,"2":3,"3":2,"4":0,"5":0,"6":0,"7":0,"8":0,"9":0,"10":0,"11":3,"12":3,"13":1,"14":2,"15":1,"16":0,"17":1,"18":3,"19":3,"20":3,"21":0,"22":0,"23":0,"24":0,"25":0,"26":2,"27":2,"28":2},"f":{"0":2,"1":0,"2":0,"3":0,"4":0,"5":0,"6":0,"7":0,"8":3,"9":1,"10":3,"11":0,"12":0,"13":0,"14":2},"b":{"0":[0,1],"1":[3,0],"2":[0,0]}}
,"/Users/rytisrazmus/praktika/bandymas/hmm/hmm/src/components/Post.vue": {"path":"/Users/rytisrazmus/praktika/bandymas/hmm/hmm/src/components/Post.vue","statementMap":{"0":{"start":{"line":83,"column":0},"end":{"line":83,"column":null}},"1":{"start":{"line":84,"column":0},"end":{"line":84,"column":null}},"2":{"start":{"line":85,"column":0},"end":{"line":85,"column":null}},"3":{"start":{"line":86,"column":0},"end":{"line":86,"column":null}},"4":{"start":{"line":97,"column":0},"end":{"line":97,"column":null}},"5":{"start":{"line":106,"column":0},"end":{"line":106,"column":null}},"6":{"start":{"line":111,"column":0},"end":{"line":111,"column":null}},"7":{"start":{"line":114,"column":0},"end":{"line":114,"column":null}},"8":{"start":{"line":115,"column":0},"end":{"line":126,"column":null}},"9":{"start":{"line":122,"column":0},"end":{"line":122,"column":null}},"10":{"start":{"line":125,"column":0},"end":{"line":125,"column":null}},"11":{"start":{"line":129,"column":0},"end":{"line":131,"column":null}},"12":{"start":{"line":130,"column":0},"end":{"line":130,"column":null}},"13":{"start":{"line":134,"column":0},"end":{"line":136,"column":null}},"14":{"start":{"line":135,"column":0},"end":{"line":135,"column":null}},"15":{"start":{"line":137,"column":0},"end":{"line":137,"column":null}},"16":{"start":{"line":138,"column":0},"end":{"line":138,"column":null}},"17":{"start":{"line":139,"column":0},"end":{"line":139,"column":null}},"18":{"start":{"line":140,"column":0},"end":{"line":149,"column":null}},"19":{"start":{"line":147,"column":0},"end":{"line":147,"column":null}},"20":{"start":{"line":148,"column":0},"end":{"line":148,"column":null}},"21":{"start":{"line":154,"column":0},"end":{"line":154,"column":null}},"22":{"start":{"line":157,"column":0},"end":{"line":158,"column":null}},"23":{"start":{"line":165,"column":0},"end":{"line":165,"column":null}},"24":{"start":{"line":166,"column":0},"end":{"line":166,"column":null}},"25":{"start":{"line":167,"column":0},"end":{"line":178,"column":null}},"26":{"start":{"line":168,"column":0},"end":{"line":168,"column":null}},"27":{"start":{"line":173,"column":0},"end":{"line":173,"column":null}},"28":{"start":{"line":174,"column":0},"end":{"line":174,"column":null}},"29":{"start":{"line":176,"column":0},"end":{"line":176,"column":null}},"30":{"start":{"line":177,"column":0},"end":{"line":177,"column":null}},"31":{"start":{"line":182,"column":0},"end":{"line":184,"column":null}},"32":{"start":{"line":183,"column":0},"end":{"line":183,"column":null}},"33":{"start":{"line":188,"column":0},"end":{"line":188,"column":null}}},"fnMap":{"0":{"name":"(anonymous_1)","decl":{"start":{"line":96,"column":0},"end":{"line":96,"column":null}},"loc":{"start":{"line":96,"column":0},"end":{"line":103,"column":null}}},"1":{"name":"(anonymous_2)","decl":{"start":{"line":105,"column":0},"end":{"line":105,"column":null}},"loc":{"start":{"line":105,"column":0},"end":{"line":112,"column":null}}},"2":{"name":"(anonymous_3)","decl":{"start":{"line":113,"column":0},"end":{"line":113,"column":null}},"loc":{"start":{"line":113,"column":0},"end":{"line":127,"column":null}}},"3":{"name":"(anonymous_4)","decl":{"start":{"line":116,"column":0},"end":{"line":116,"column":null}},"loc":{"start":{"line":116,"column":0},"end":{"line":123,"column":null}}},"4":{"name":"(anonymous_5)","decl":{"start":{"line":123,"column":0},"end":{"line":123,"column":null}},"loc":{"start":{"line":123,"column":0},"end":{"line":126,"column":null}}},"5":{"name":"(anonymous_6)","decl":{"start":{"line":128,"column":0},"end":{"line":128,"column":null}},"loc":{"start":{"line":128,"column":0},"end":{"line":132,"column":null}}},"6":{"name":"(anonymous_7)","decl":{"start":{"line":133,"column":0},"end":{"line":133,"column":null}},"loc":{"start":{"line":133,"column":0},"end":{"line":150,"column":null}}},"7":{"name":"(anonymous_8)","decl":{"start":{"line":141,"column":0},"end":{"line":141,"column":null}},"loc":{"start":{"line":141,"column":0},"end":{"line":141,"column":null}}},"8":{"name":"(anonymous_10)","decl":{"start":{"line":152,"column":0},"end":{"line":152,"column":null}},"loc":{"start":{"line":152,"column":0},"end":{"line":155,"column":null}}},"9":{"name":"(anonymous_11)","decl":{"start":{"line":156,"column":0},"end":{"line":156,"column":null}},"loc":{"start":{"line":156,"column":0},"end":{"line":163,"column":null}}},"10":{"name":"(anonymous_12)","decl":{"start":{"line":158,"column":0},"end":{"line":158,"column":null}},"loc":{"start":{"line":158,"column":0},"end":{"line":158,"column":null}}},"11":{"name":"(anonymous_13)","decl":{"start":{"line":164,"column":0},"end":{"line":164,"column":null}},"loc":{"start":{"line":164,"column":0},"end":{"line":179,"column":null}}},"12":{"name":"(anonymous_14)","decl":{"start":{"line":181,"column":0},"end":{"line":181,"column":null}},"loc":{"start":{"line":181,"column":0},"end":{"line":185,"column":null}}},"13":{"name":"(anonymous_15)","decl":{"start":{"line":187,"column":0},"end":{"line":187,"column":null}},"loc":{"start":{"line":187,"column":0},"end":{"line":189,"column":null}}}},"branchMap":{"0":{"loc":{"start":{"line":129,"column":0},"end":{"line":131,"column":null}},"type":"if","locations":[{"start":{"line":129,"column":0},"end":{"line":131,"column":null}},{"start":{"line":129,"column":0},"end":{"line":131,"column":null}}]},"1":{"loc":{"start":{"line":134,"column":0},"end":{"line":136,"column":null}},"type":"if","locations":[{"start":{"line":134,"column":0},"end":{"line":136,"column":null}},{"start":{"line":134,"column":0},"end":{"line":136,"column":null}}]},"2":{"loc":{"start":{"line":166,"column":0},"end":{"line":166,"column":null}},"type":"if","locations":[{"start":{"line":166,"column":0},"end":{"line":166,"column":null}},{"start":{"line":166,"column":0},"end":{"line":166,"column":null}}]},"3":{"loc":{"start":{"line":182,"column":0},"end":{"line":184,"column":null}},"type":"if","locations":[{"start":{"line":182,"column":0},"end":{"line":184,"column":null}},{"start":{"line":182,"column":0},"end":{"line":184,"column":null}}]}},"s":{"0":4,"1":4,"2":4,"3":4,"4":3,"5":1,"6":1,"7":0,"8":0,"9":0,"10":0,"11":0,"12":0,"13":0,"14":0,"15":0,"16":0,"17":0,"18":0,"19":0,"20":0,"21":6,"22":0,"23":2,"24":2,"25":2,"26":2,"27":1,"28":1,"29":1,"30":1,"31":3,"32":0,"33":0},"f":{"0":3,"1":1,"2":0,"3":0,"4":0,"5":0,"6":0,"7":0,"8":6,"9":0,"10":0,"11":2,"12":3,"13":0},"b":{"0":[0,0],"1":[0,0],"2":[0,2],"3":[0,3]}}
,"/Users/rytisrazmus/praktika/bandymas/hmm/hmm/src/components/Posts.vue": {"path":"/Users/rytisrazmus/praktika/bandymas/hmm/hmm/src/components/Posts.vue","statementMap":{"0":{"start":{"line":29,"column":0},"end":{"line":29,"column":null}},"1":{"start":{"line":30,"column":0},"end":{"line":30,"column":null}},"2":{"start":{"line":32,"column":0},"end":{"line":32,"column":null}},"3":{"start":{"line":34,"column":0},"end":{"line":34,"column":null}},"4":{"start":{"line":42,"column":0},"end":{"line":42,"column":null}},"5":{"start":{"line":52,"column":0},"end":{"line":52,"column":null}},"6":{"start":{"line":57,"column":0},"end":{"line":59,"column":null}},"7":{"start":{"line":58,"column":0},"end":{"line":58,"column":null}},"8":{"start":{"line":62,"column":0},"end":{"line":62,"column":null}},"9":{"start":{"line":63,"column":0},"end":{"line":69,"column":null}},"10":{"start":{"line":64,"column":0},"end":{"line":68,"column":null}},"11":{"start":{"line":65,"column":0},"end":{"line":65,"column":null}},"12":{"start":{"line":67,"column":0},"end":{"line":67,"column":null}},"13":{"start":{"line":72,"column":0},"end":{"line":75,"column":null}},"14":{"start":{"line":73,"column":0},"end":{"line":73,"column":null}},"15":{"start":{"line":74,"column":0},"end":{"line":74,"column":null}},"16":{"start":{"line":76,"column":0},"end":{"line":76,"column":null}},"17":{"start":{"line":77,"column":0},"end":{"line":79,"column":null}},"18":{"start":{"line":78,"column":0},"end":{"line":78,"column":null}},"19":{"start":{"line":80,"column":0},"end":{"line":82,"column":null}},"20":{"start":{"line":81,"column":0},"end":{"line":81,"column":null}},"21":{"start":{"line":83,"column":0},"end":{"line":106,"column":null}},"22":{"start":{"line":84,"column":0},"end":{"line":91,"column":null}},"23":{"start":{"line":93,"column":0},"end":{"line":101,"column":null}},"24":{"start":{"line":94,"column":0},"end":{"line":94,"column":null}},"25":{"start":{"line":95,"column":0},"end":{"line":95,"column":null}},"26":{"start":{"line":96,"column":0},"end":{"line":96,"column":null}},"27":{"start":{"line":97,"column":0},"end":{"line":100,"column":null}},"28":{"start":{"line":98,"column":0},"end":{"line":98,"column":null}},"29":{"start":{"line":102,"column":0},"end":{"line":102,"column":null}},"30":{"start":{"line":103,"column":0},"end":{"line":103,"column":null}},"31":{"start":{"line":105,"column":0},"end":{"line":105,"column":null}},"32":{"start":{"line":110,"column":0},"end":{"line":110,"column":null}}},"fnMap":{"0":{"name":"(anonymous_1)","decl":{"start":{"line":41,"column":0},"end":{"line":41,"column":null}},"loc":{"start":{"line":41,"column":0},"end":{"line":49,"column":null}}},"1":{"name":"(anonymous_2)","decl":{"start":{"line":51,"column":0},"end":{"line":51,"column":null}},"loc":{"start":{"line":51,"column":0},"end":{"line":53,"column":null}}},"2":{"name":"(anonymous_3)","decl":{"start":{"line":56,"column":0},"end":{"line":56,"column":null}},"loc":{"start":{"line":56,"column":0},"end":{"line":60,"column":null}}},"3":{"name":"(anonymous_4)","decl":{"start":{"line":57,"column":0},"end":{"line":57,"column":null}},"loc":{"start":{"line":57,"column":0},"end":{"line":59,"column":null}}},"4":{"name":"(anonymous_5)","decl":{"start":{"line":61,"column":0},"end":{"line":61,"column":null}},"loc":{"start":{"line":61,"column":0},"end":{"line":70,"column":null}}},"5":{"name":"(anonymous_6)","decl":{"start":{"line":71,"column":0},"end":{"line":71,"column":null}},"loc":{"start":{"line":71,"column":0},"end":{"line":107,"column":null}}},"6":{"name":"(anonymous_7)","decl":{"start":{"line":93,"column":0},"end":{"line":93,"column":null}},"loc":{"start":{"line":93,"column":0},"end":{"line":101,"column":null}}},"7":{"name":"(anonymous_8)","decl":{"start":{"line":109,"column":0},"end":{"line":109,"column":null}},"loc":{"start":{"line":109,"column":0},"end":{"line":111,"column":null}}}},"branchMap":{"0":{"loc":{"start":{"line":63,"column":0},"end":{"line":69,"column":null}},"type":"if","locations":[{"start":{"line":63,"column":0},"end":{"line":69,"column":null}},{"start":{"line":63,"column":0},"end":{"line":69,"column":null}}]},"1":{"loc":{"start":{"line":64,"column":0},"end":{"line":68,"column":null}},"type":"if","locations":[{"start":{"line":64,"column":0},"end":{"line":68,"column":null}},{"start":{"line":64,"column":0},"end":{"line":68,"column":null}}]},"2":{"loc":{"start":{"line":72,"column":0},"end":{"line":75,"column":null}},"type":"if","locations":[{"start":{"line":72,"column":0},"end":{"line":75,"column":null}},{"start":{"line":72,"column":0},"end":{"line":75,"column":null}}]},"3":{"loc":{"start":{"line":77,"column":0},"end":{"line":79,"column":null}},"type":"if","locations":[{"start":{"line":77,"column":0},"end":{"line":79,"column":null}},{"start":{"line":77,"column":0},"end":{"line":79,"column":null}}]},"4":{"loc":{"start":{"line":77,"column":0},"end":{"line":77,"column":null}},"type":"binary-expr","locations":[{"start":{"line":77,"column":0},"end":{"line":77,"column":null}},{"start":{"line":77,"column":0},"end":{"line":77,"column":null}}]},"5":{"loc":{"start":{"line":80,"column":0},"end":{"line":82,"column":null}},"type":"if","locations":[{"start":{"line":80,"column":0},"end":{"line":82,"column":null}},{"start":{"line":80,"column":0},"end":{"line":82,"column":null}}]},"6":{"loc":{"start":{"line":97,"column":0},"end":{"line":100,"column":null}},"type":"if","locations":[{"start":{"line":97,"column":0},"end":{"line":100,"column":null}},{"start":{"line":97,"column":0},"end":{"line":100,"column":null}}]}},"s":{"0":3,"1":3,"2":3,"3":3,"4":4,"5":0,"6":1,"7":2,"8":1,"9":0,"10":0,"11":0,"12":0,"13":5,"14":0,"15":0,"16":5,"17":5,"18":5,"19":5,"20":0,"21":5,"22":5,"23":1,"24":1,"25":1,"26":1,"27":1,"28":1,"29":1,"30":1,"31":5,"32":4},"f":{"0":4,"1":0,"2":1,"3":2,"4":1,"5":5,"6":1,"7":4},"b":{"0":[0,0],"1":[0,0],"2":[0,5],"3":[5,0],"4":[5,0],"5":[0,5],"6":[1,0]}}
,"/Users/rytisrazmus/praktika/bandymas/hmm/hmm/src/components/Profile.vue": {"path":"/Users/rytisrazmus/praktika/bandymas/hmm/hmm/src/components/Profile.vue","statementMap":{"0":{"start":{"line":36,"column":0},"end":{"line":36,"column":null}},"1":{"start":{"line":37,"column":0},"end":{"line":37,"column":null}},"2":{"start":{"line":38,"column":0},"end":{"line":38,"column":null}},"3":{"start":{"line":46,"column":0},"end":{"line":46,"column":null}},"4":{"start":{"line":57,"column":0},"end":{"line":57,"column":null}},"5":{"start":{"line":58,"column":0},"end":{"line":58,"column":null}},"6":{"start":{"line":59,"column":0},"end":{"line":59,"column":null}},"7":{"start":{"line":60,"column":0},"end":{"line":60,"column":null}},"8":{"start":{"line":63,"column":0},"end":{"line":65,"column":null}},"9":{"start":{"line":64,"column":0},"end":{"line":64,"column":null}},"10":{"start":{"line":66,"column":0},"end":{"line":66,"column":null}},"11":{"start":{"line":69,"column":0},"end":{"line":79,"column":null}},"12":{"start":{"line":75,"column":0},"end":{"line":75,"column":null}},"13":{"start":{"line":78,"column":0},"end":{"line":78,"column":null}},"14":{"start":{"line":82,"column":0},"end":{"line":82,"column":null}},"15":{"start":{"line":87,"column":0},"end":{"line":87,"column":null}},"16":{"start":{"line":88,"column":0},"end":{"line":91,"column":null}},"17":{"start":{"line":89,"column":0},"end":{"line":89,"column":null}},"18":{"start":{"line":94,"column":0},"end":{"line":94,"column":null}},"19":{"start":{"line":99,"column":0},"end":{"line":99,"column":null}},"20":{"start":{"line":100,"column":0},"end":{"line":102,"column":null}},"21":{"start":{"line":101,"column":0},"end":{"line":101,"column":null}},"22":{"start":{"line":103,"column":0},"end":{"line":107,"column":null}},"23":{"start":{"line":104,"column":0},"end":{"line":104,"column":null}},"24":{"start":{"line":106,"column":0},"end":{"line":106,"column":null}},"25":{"start":{"line":110,"column":0},"end":{"line":111,"column":null}},"26":{"start":{"line":118,"column":0},"end":{"line":121,"column":null}},"27":{"start":{"line":119,"column":0},"end":{"line":119,"column":null}},"28":{"start":{"line":120,"column":0},"end":{"line":120,"column":null}},"29":{"start":{"line":122,"column":0},"end":{"line":124,"column":null}},"30":{"start":{"line":123,"column":0},"end":{"line":123,"column":null}},"31":{"start":{"line":125,"column":0},"end":{"line":127,"column":null}},"32":{"start":{"line":126,"column":0},"end":{"line":126,"column":null}},"33":{"start":{"line":134,"column":0},"end":{"line":134,"column":null}},"34":{"start":{"line":138,"column":0},"end":{"line":138,"column":null}}},"fnMap":{"0":{"name":"(anonymous_1)","decl":{"start":{"line":45,"column":0},"end":{"line":45,"column":null}},"loc":{"start":{"line":45,"column":0},"end":{"line":54,"column":null}}},"1":{"name":"(anonymous_2)","decl":{"start":{"line":56,"column":0},"end":{"line":56,"column":null}},"loc":{"start":{"line":56,"column":0},"end":{"line":61,"column":null}}},"2":{"name":"(anonymous_3)","decl":{"start":{"line":62,"column":0},"end":{"line":62,"column":null}},"loc":{"start":{"line":62,"column":0},"end":{"line":67,"column":null}}},"3":{"name":"(anonymous_4)","decl":{"start":{"line":68,"column":0},"end":{"line":68,"column":null}},"loc":{"start":{"line":68,"column":0},"end":{"line":80,"column":null}}},"4":{"name":"(anonymous_5)","decl":{"start":{"line":70,"column":0},"end":{"line":70,"column":null}},"loc":{"start":{"line":70,"column":0},"end":{"line":76,"column":null}}},"5":{"name":"(anonymous_6)","decl":{"start":{"line":76,"column":0},"end":{"line":76,"column":null}},"loc":{"start":{"line":76,"column":0},"end":{"line":79,"column":null}}},"6":{"name":"(anonymous_7)","decl":{"start":{"line":81,"column":0},"end":{"line":81,"column":null}},"loc":{"start":{"line":81,"column":0},"end":{"line":92,"column":null}}},"7":{"name":"(anonymous_8)","decl":{"start":{"line":93,"column":0},"end":{"line":93,"column":null}},"loc":{"start":{"line":93,"column":0},"end":{"line":108,"column":null}}},"8":{"name":"(anonymous_9)","decl":{"start":{"line":100,"column":0},"end":{"line":100,"column":null}},"loc":{"start":{"line":100,"column":0},"end":{"line":102,"column":null}}},"9":{"name":"(anonymous_10)","decl":{"start":{"line":109,"column":0},"end":{"line":109,"column":null}},"loc":{"start":{"line":109,"column":0},"end":{"line":116,"column":null}}},"10":{"name":"(anonymous_11)","decl":{"start":{"line":111,"column":0},"end":{"line":111,"column":null}},"loc":{"start":{"line":111,"column":0},"end":{"line":111,"column":null}}},"11":{"name":"(anonymous_12)","decl":{"start":{"line":117,"column":0},"end":{"line":117,"column":null}},"loc":{"start":{"line":117,"column":0},"end":{"line":128,"column":null}}},"12":{"name":"(anonymous_13)","decl":{"start":{"line":122,"column":0},"end":{"line":122,"column":null}},"loc":{"start":{"line":122,"column":0},"end":{"line":124,"column":null}}},"13":{"name":"(anonymous_14)","decl":{"start":{"line":125,"column":0},"end":{"line":125,"column":null}},"loc":{"start":{"line":125,"column":0},"end":{"line":127,"column":null}}},"14":{"name":"(anonymous_15)","decl":{"start":{"line":130,"column":0},"end":{"line":130,"column":null}},"loc":{"start":{"line":130,"column":0},"end":{"line":135,"column":null}}},"15":{"name":"(anonymous_16)","decl":{"start":{"line":137,"column":0},"end":{"line":137,"column":null}},"loc":{"start":{"line":137,"column":0},"end":{"line":139,"column":null}}}},"branchMap":{"0":{"loc":{"start":{"line":63,"column":0},"end":{"line":65,"column":null}},"type":"if","locations":[{"start":{"line":63,"column":0},"end":{"line":65,"column":null}},{"start":{"line":63,"column":0},"end":{"line":65,"column":null}}]},"1":{"loc":{"start":{"line":88,"column":0},"end":{"line":91,"column":null}},"type":"if","locations":[{"start":{"line":88,"column":0},"end":{"line":91,"column":null}},{"start":{"line":88,"column":0},"end":{"line":91,"column":null}}]},"2":{"loc":{"start":{"line":103,"column":0},"end":{"line":107,"column":null}},"type":"if","locations":[{"start":{"line":103,"column":0},"end":{"line":107,"column":null}},{"start":{"line":103,"column":0},"end":{"line":107,"column":null}}]},"3":{"loc":{"start":{"line":103,"column":0},"end":{"line":103,"column":null}},"type":"binary-expr","locations":[{"start":{"line":103,"column":0},"end":{"line":103,"column":null}},{"start":{"line":103,"column":0},"end":{"line":103,"column":null}}]},"4":{"loc":{"start":{"line":118,"column":0},"end":{"line":121,"column":null}},"type":"if","locations":[{"start":{"line":118,"column":0},"end":{"line":121,"column":null}},{"start":{"line":118,"column":0},"end":{"line":121,"column":null}}]}},"s":{"0":1,"1":1,"2":1,"3":3,"4":6,"5":6,"6":6,"7":6,"8":2,"9":0,"10":2,"11":0,"12":0,"13":0,"14":4,"15":2,"16":2,"17":2,"18":5,"19":4,"20":4,"21":4,"22":4,"23":2,"24":2,"25":0,"26":3,"27":0,"28":0,"29":3,"30":1,"31":3,"32":2,"33":3,"34":0},"f":{"0":3,"1":6,"2":2,"3":0,"4":0,"5":0,"6":4,"7":5,"8":4,"9":0,"10":0,"11":3,"12":1,"13":2,"14":3,"15":0},"b":{"0":[0,2],"1":[2,0],"2":[2,2],"3":[4,2],"4":[0,3]}}
,"/Users/rytisrazmus/praktika/bandymas/hmm/hmm/src/components/SearchBar.vue": {"path":"/Users/rytisrazmus/praktika/bandymas/hmm/hmm/src/components/SearchBar.vue","statementMap":{"0":{"start":{"line":29,"column":0},"end":{"line":29,"column":null}},"1":{"start":{"line":30,"column":0},"end":{"line":30,"column":null}},"2":{"start":{"line":35,"column":0},"end":{"line":35,"column":null}},"3":{"start":{"line":44,"column":0},"end":{"line":51,"column":null}},"4":{"start":{"line":50,"column":0},"end":{"line":50,"column":null}},"5":{"start":{"line":52,"column":0},"end":{"line":52,"column":null}},"6":{"start":{"line":55,"column":0},"end":{"line":55,"column":null}},"7":{"start":{"line":58,"column":0},"end":{"line":63,"column":null}},"8":{"start":{"line":59,"column":0},"end":{"line":62,"column":null}},"9":{"start":{"line":60,"column":0},"end":{"line":60,"column":null}},"10":{"start":{"line":66,"column":0},"end":{"line":79,"column":null}},"11":{"start":{"line":67,"column":0},"end":{"line":67,"column":null}},"12":{"start":{"line":69,"column":0},"end":{"line":78,"column":null}},"13":{"start":{"line":70,"column":0},"end":{"line":70,"column":null}},"14":{"start":{"line":73,"column":0},"end":{"line":73,"column":null}},"15":{"start":{"line":74,"column":0},"end":{"line":74,"column":null}},"16":{"start":{"line":75,"column":0},"end":{"line":75,"column":null}},"17":{"start":{"line":77,"column":0},"end":{"line":77,"column":null}},"18":{"start":{"line":84,"column":0},"end":{"line":86,"column":null}},"19":{"start":{"line":85,"column":0},"end":{"line":85,"column":null}}},"fnMap":{"0":{"name":"(anonymous_1)","decl":{"start":{"line":34,"column":0},"end":{"line":34,"column":null}},"loc":{"start":{"line":34,"column":0},"end":{"line":41,"column":null}}},"1":{"name":"(anonymous_2)","decl":{"start":{"line":43,"column":0},"end":{"line":43,"column":null}},"loc":{"start":{"line":43,"column":0},"end":{"line":53,"column":null}}},"2":{"name":"(anonymous_3)","decl":{"start":{"line":45,"column":0},"end":{"line":45,"column":null}},"loc":{"start":{"line":45,"column":0},"end":{"line":51,"column":null}}},"3":{"name":"(anonymous_4)","decl":{"start":{"line":54,"column":0},"end":{"line":54,"column":null}},"loc":{"start":{"line":54,"column":0},"end":{"line":56,"column":null}}},"4":{"name":"(anonymous_5)","decl":{"start":{"line":57,"column":0},"end":{"line":57,"column":null}},"loc":{"start":{"line":57,"column":0},"end":{"line":64,"column":null}}},"5":{"name":"(anonymous_6)","decl":{"start":{"line":58,"column":0},"end":{"line":58,"column":null}},"loc":{"start":{"line":58,"column":0},"end":{"line":63,"column":null}}},"6":{"name":"(anonymous_7)","decl":{"start":{"line":65,"column":0},"end":{"line":65,"column":null}},"loc":{"start":{"line":65,"column":0},"end":{"line":80,"column":null}}},"7":{"name":"(anonymous_8)","decl":{"start":{"line":83,"column":0},"end":{"line":83,"column":null}},"loc":{"start":{"line":83,"column":0},"end":{"line":87,"column":null}}}},"branchMap":{"0":{"loc":{"start":{"line":59,"column":0},"end":{"line":62,"column":null}},"type":"if","locations":[{"start":{"line":59,"column":0},"end":{"line":62,"column":null}},{"start":{"line":59,"column":0},"end":{"line":62,"column":null}}]},"1":{"loc":{"start":{"line":66,"column":0},"end":{"line":79,"column":null}},"type":"if","locations":[{"start":{"line":66,"column":0},"end":{"line":79,"column":null}},{"start":{"line":66,"column":0},"end":{"line":79,"column":null}}]},"2":{"loc":{"start":{"line":84,"column":0},"end":{"line":86,"column":null}},"type":"if","locations":[{"start":{"line":84,"column":0},"end":{"line":86,"column":null}},{"start":{"line":84,"column":0},"end":{"line":86,"column":null}}]}},"s":{"0":4,"1":4,"2":6,"3":0,"4":0,"5":0,"6":0,"7":3,"8":6,"9":1,"10":3,"11":0,"12":3,"13":3,"14":2,"15":2,"16":2,"17":1,"18":4,"19":3},"f":{"0":6,"1":0,"2":0,"3":0,"4":3,"5":6,"6":3,"7":4},"b":{"0":[1,5],"1":[0,3],"2":[3,1]}}
,"/Users/rytisrazmus/praktika/bandymas/hmm/hmm/src/components/SignIn.vue": {"path":"/Users/rytisrazmus/praktika/bandymas/hmm/hmm/src/components/SignIn.vue","statementMap":{"0":{"start":{"line":41,"column":0},"end":{"line":41,"column":null}},"1":{"start":{"line":42,"column":0},"end":{"line":42,"column":null}},"2":{"start":{"line":43,"column":0},"end":{"line":43,"column":null}},"3":{"start":{"line":44,"column":0},"end":{"line":44,"column":null}},"4":{"start":{"line":49,"column":0},"end":{"line":49,"column":null}},"5":{"start":{"line":65,"column":0},"end":{"line":67,"column":null}},"6":{"start":{"line":66,"column":0},"end":{"line":66,"column":null}},"7":{"start":{"line":68,"column":0},"end":{"line":68,"column":null}},"8":{"start":{"line":72,"column":0},"end":{"line":72,"column":null}},"9":{"start":{"line":73,"column":0},"end":{"line":73,"column":null}},"10":{"start":{"line":74,"column":0},"end":{"line":74,"column":null}},"11":{"start":{"line":77,"column":0},"end":{"line":77,"column":null}},"12":{"start":{"line":78,"column":0},"end":{"line":78,"column":null}},"13":{"start":{"line":81,"column":0},"end":{"line":81,"column":null}},"14":{"start":{"line":82,"column":0},"end":{"line":82,"column":null}},"15":{"start":{"line":85,"column":0},"end":{"line":89,"column":null}},"16":{"start":{"line":86,"column":0},"end":{"line":86,"column":null}},"17":{"start":{"line":88,"column":0},"end":{"line":88,"column":null}},"18":{"start":{"line":90,"column":0},"end":{"line":90,"column":null}},"19":{"start":{"line":93,"column":0},"end":{"line":93,"column":null}},"20":{"start":{"line":96,"column":0},"end":{"line":96,"column":null}},"21":{"start":{"line":97,"column":0},"end":{"line":97,"column":null}},"22":{"start":{"line":98,"column":0},"end":{"line":101,"column":null}},"23":{"start":{"line":99,"column":0},"end":{"line":99,"column":null}},"24":{"start":{"line":100,"column":0},"end":{"line":100,"column":null}},"25":{"start":{"line":102,"column":0},"end":{"line":121,"column":null}},"26":{"start":{"line":112,"column":0},"end":{"line":115,"column":null}},"27":{"start":{"line":113,"column":0},"end":{"line":113,"column":null}},"28":{"start":{"line":114,"column":0},"end":{"line":114,"column":null}},"29":{"start":{"line":118,"column":0},"end":{"line":118,"column":null}},"30":{"start":{"line":119,"column":0},"end":{"line":119,"column":null}},"31":{"start":{"line":120,"column":0},"end":{"line":120,"column":null}},"32":{"start":{"line":124,"column":0},"end":{"line":124,"column":null}},"33":{"start":{"line":125,"column":0},"end":{"line":125,"column":null}},"34":{"start":{"line":126,"column":0},"end":{"line":126,"column":null}},"35":{"start":{"line":127,"column":0},"end":{"line":127,"column":null}},"36":{"start":{"line":128,"column":0},"end":{"line":128,"column":null}},"37":{"start":{"line":129,"column":0},"end":{"line":129,"column":null}},"38":{"start":{"line":130,"column":0},"end":{"line":130,"column":null}},"39":{"start":{"line":132,"column":0},"end":{"line":166,"column":null}},"40":{"start":{"line":141,"column":0},"end":{"line":141,"column":null}},"41":{"start":{"line":142,"column":0},"end":{"line":166,"column":null}},"42":{"start":{"line":143,"column":0},"end":{"line":143,"column":null}},"43":{"start":{"line":145,"column":0},"end":{"line":145,"column":null}},"44":{"start":{"line":146,"column":0},"end":{"line":165,"column":null}},"45":{"start":{"line":156,"column":0},"end":{"line":156,"column":null}},"46":{"start":{"line":162,"column":0},"end":{"line":162,"column":null}},"47":{"start":{"line":163,"column":0},"end":{"line":163,"column":null}},"48":{"start":{"line":164,"column":0},"end":{"line":164,"column":null}}},"fnMap":{"0":{"name":"(anonymous_1)","decl":{"start":{"line":48,"column":0},"end":{"line":48,"column":null}},"loc":{"start":{"line":48,"column":0},"end":{"line":59,"column":null}}},"1":{"name":"(anonymous_2)","decl":{"start":{"line":64,"column":0},"end":{"line":64,"column":null}},"loc":{"start":{"line":64,"column":0},"end":{"line":69,"column":null}}},"2":{"name":"(anonymous_3)","decl":{"start":{"line":71,"column":0},"end":{"line":71,"column":null}},"loc":{"start":{"line":71,"column":0},"end":{"line":75,"column":null}}},"3":{"name":"(anonymous_4)","decl":{"start":{"line":76,"column":0},"end":{"line":76,"column":null}},"loc":{"start":{"line":76,"column":0},"end":{"line":79,"column":null}}},"4":{"name":"(anonymous_5)","decl":{"start":{"line":80,"column":0},"end":{"line":80,"column":null}},"loc":{"start":{"line":80,"column":0},"end":{"line":83,"column":null}}},"5":{"name":"(anonymous_6)","decl":{"start":{"line":84,"column":0},"end":{"line":84,"column":null}},"loc":{"start":{"line":84,"column":0},"end":{"line":91,"column":null}}},"6":{"name":"(anonymous_7)","decl":{"start":{"line":92,"column":0},"end":{"line":92,"column":null}},"loc":{"start":{"line":92,"column":0},"end":{"line":94,"column":null}}},"7":{"name":"(anonymous_8)","decl":{"start":{"line":95,"column":0},"end":{"line":95,"column":null}},"loc":{"start":{"line":95,"column":0},"end":{"line":122,"column":null}}},"8":{"name":"(anonymous_9)","decl":{"start":{"line":109,"column":0},"end":{"line":109,"column":null}},"loc":{"start":{"line":109,"column":0},"end":{"line":116,"column":null}}},"9":{"name":"(anonymous_10)","decl":{"start":{"line":116,"column":0},"end":{"line":116,"column":null}},"loc":{"start":{"line":116,"column":0},"end":{"line":121,"column":null}}},"10":{"name":"(anonymous_11)","decl":{"start":{"line":123,"column":0},"end":{"line":123,"column":null}},"loc":{"start":{"line":123,"column":0},"end":{"line":167,"column":null}}},"11":{"name":"(anonymous_12)","decl":{"start":{"line":147,"column":0},"end":{"line":147,"column":null}},"loc":{"start":{"line":147,"column":0},"end":{"line":160,"column":null}}},"12":{"name":"(anonymous_13)","decl":{"start":{"line":160,"column":0},"end":{"line":160,"column":null}},"loc":{"start":{"line":160,"column":0},"end":{"line":165,"column":null}}}},"branchMap":{"0":{"loc":{"start":{"line":65,"column":0},"end":{"line":67,"column":null}},"type":"if","locations":[{"start":{"line":65,"column":0},"end":{"line":67,"column":null}},{"start":{"line":65,"column":0},"end":{"line":67,"column":null}}]},"1":{"loc":{"start":{"line":85,"column":0},"end":{"line":89,"column":null}},"type":"if","locations":[{"start":{"line":85,"column":0},"end":{"line":89,"column":null}},{"start":{"line":85,"column":0},"end":{"line":89,"column":null}}]},"2":{"loc":{"start":{"line":93,"column":0},"end":{"line":93,"column":null}},"type":"cond-expr","locations":[{"start":{"line":93,"column":0},"end":{"line":93,"column":null}},{"start":{"line":93,"column":0},"end":{"line":93,"column":null}}]},"3":{"loc":{"start":{"line":98,"column":0},"end":{"line":101,"column":null}},"type":"if","locations":[{"start":{"line":98,"column":0},"end":{"line":101,"column":null}},{"start":{"line":98,"column":0},"end":{"line":101,"column":null}}]},"4":{"loc":{"start":{"line":98,"column":0},"end":{"line":98,"column":null}},"type":"binary-expr","locations":[{"start":{"line":98,"column":0},"end":{"line":98,"column":null}},{"start":{"line":98,"column":0},"end":{"line":98,"column":null}}]},"5":{"loc":{"start":{"line":112,"column":0},"end":{"line":115,"column":null}},"type":"if","locations":[{"start":{"line":112,"column":0},"end":{"line":115,"column":null}},{"start":{"line":112,"column":0},"end":{"line":115,"column":null}}]},"6":{"loc":{"start":{"line":132,"column":0},"end":{"line":166,"column":null}},"type":"if","locations":[{"start":{"line":132,"column":0},"end":{"line":166,"column":null}},{"start":{"line":132,"column":0},"end":{"line":166,"column":null}}]},"7":{"loc":{"start":{"line":132,"column":0},"end":{"line":132,"column":null}},"type":"binary-expr","locations":[{"start":{"line":132,"column":0},"end":{"line":132,"column":null}},{"start":{"line":132,"column":0},"end":{"line":132,"column":null}},{"start":{"line":132,"column":0},"end":{"line":132,"column":null}},{"start":{"line":132,"column":0},"end":{"line":132,"column":null}},{"start":{"line":132,"column":0},"end":{"line":132,"column":null}},{"start":{"line":132,"column":0},"end":{"line":132,"column":null}},{"start":{"line":132,"column":0},"end":{"line":132,"column":null}}]},"8":{"loc":{"start":{"line":142,"column":0},"end":{"line":166,"column":null}},"type":"if","locations":[{"start":{"line":142,"column":0},"end":{"line":166,"column":null}},{"start":{"line":142,"column":0},"end":{"line":166,"column":null}}]}},"s":{"0":1,"1":1,"2":1,"3":1,"4":1,"5":1,"6":0,"7":1,"8":4,"9":4,"10":4,"11":2,"12":2,"13":2,"14":2,"15":2,"16":2,"17":0,"18":2,"19":0,"20":1,"21":1,"22":1,"23":1,"24":1,"25":0,"26":0,"27":0,"28":0,"29":0,"30":0,"31":0,"32":1,"33":1,"34":1,"35":1,"36":1,"37":1,"38":1,"39":1,"40":1,"41":0,"42":0,"43":0,"44":0,"45":0,"46":0,"47":0,"48":0},"f":{"0":1,"1":1,"2":4,"3":2,"4":2,"5":2,"6":0,"7":1,"8":0,"9":0,"10":1,"11":0,"12":0},"b":{"0":[0,1],"1":[2,0],"2":[0,0],"3":[1,0],"4":[1,0],"5":[0,0],"6":[1,0],"7":[1,0,0,0,0,0,0],"8":[0,0]}}
,"/Users/rytisrazmus/praktika/bandymas/hmm/hmm/src/modules/Constants.js": {"path":"/Users/rytisrazmus/praktika/bandymas/hmm/hmm/src/modules/Constants.js","statementMap":{"0":{"start":{"line":1,"column":25},"end":{"line":1,"column":48}}},"fnMap":{},"branchMap":{},"s":{"0":9},"f":{},"b":{},"_coverageSchema":"43e27e138ebf9cfc5966b082cf9a028302ed4184","hash":"370c3da5c25455e6017da1f6efa668973a12e7a5"}
,"/Users/rytisrazmus/praktika/bandymas/hmm/hmm/src/modules/TimeAgo.js": {"path":"/Users/rytisrazmus/praktika/bandymas/hmm/hmm/src/modules/TimeAgo.js","statementMap":{"0":{"start":{"line":1,"column":23},"end":{"line":51,"column":1}},"1":{"start":{"line":3,"column":21},"end":{"line":3,"column":41}},"2":{"start":{"line":5,"column":25},"end":{"line":5,"column":64}},"3":{"start":{"line":6,"column":21},"end":{"line":6,"column":42}},"4":{"start":{"line":7,"column":21},"end":{"line":7,"column":36}},"5":{"start":{"line":8,"column":19},"end":{"line":8,"column":34}},"6":{"start":{"line":9,"column":18},"end":{"line":9,"column":31}},"7":{"start":{"line":10,"column":19},"end":{"line":10,"column":30}},"8":{"start":{"line":11,"column":20},"end":{"line":11,"column":32}},"9":{"start":{"line":12,"column":19},"end":{"line":12,"column":33}},"10":{"start":{"line":14,"column":4},"end":{"line":49,"column":5}},"11":{"start":{"line":15,"column":6},"end":{"line":17,"column":7}},"12":{"start":{"line":16,"column":8},"end":{"line":16,"column":59}},"13":{"start":{"line":18,"column":6},"end":{"line":18,"column":58}},"14":{"start":{"line":19,"column":11},"end":{"line":49,"column":5}},"15":{"start":{"line":20,"column":6},"end":{"line":22,"column":7}},"16":{"start":{"line":21,"column":8},"end":{"line":21,"column":59}},"17":{"start":{"line":23,"column":6},"end":{"line":23,"column":58}},"18":{"start":{"line":24,"column":11},"end":{"line":49,"column":5}},"19":{"start":{"line":25,"column":6},"end":{"line":27,"column":7}},"20":{"start":{"line":26,"column":8},"end":{"line":26,"column":55}},"21":{"start":{"line":28,"column":6},"end":{"line":28,"column":54}},"22":{"start":{"line":29,"column":11},"end":{"line":49,"column":5}},"23":{"start":{"line":30,"column":6},"end":{"line":32,"column":7}},"24":{"start":{"line":31,"column":8},"end":{"line":31,"column":53}},"25":{"start":{"line":33,"column":6},"end":{"line":33,"column":52}},"26":{"start":{"line":34,"column":11},"end":{"line":49,"column":5}},"27":{"start":{"line":35,"column":6},"end":{"line":37,"column":7}},"28":{"start":{"line":36,"column":8},"end":{"line":36,"column":55}},"29":{"start":{"line":38,"column":6},"end":{"line":38,"column":54}},"30":{"start":{"line":39,"column":11},"end":{"line":49,"column":5}},"31":{"start":{"line":40,"column":6},"end":{"line":42,"column":7}},"32":{"start":{"line":41,"column":8},"end":{"line":41,"column":57}},"33":{"start":{"line":43,"column":6},"end":{"line":43,"column":56}},"34":{"start":{"line":45,"column":6},"end":{"line":47,"column":7}},"35":{"start":{"line":46,"column":8},"end":{"line":46,"column":55}},"36":{"start":{"line":48,"column":6},"end":{"line":48,"column":54}}},"fnMap":{"0":{"name":"(anonymous_0)","decl":{"start":{"line":2,"column":17},"end":{"line":2,"column":18}},"loc":{"start":{"line":2,"column":49},"end":{"line":50,"column":3}},"line":2}},"branchMap":{"0":{"loc":{"start":{"line":14,"column":4},"end":{"line":49,"column":5}},"type":"if","locations":[{"start":{"line":14,"column":4},"end":{"line":49,"column":5}},{"start":{"line":14,"column":4},"end":{"line":49,"column":5}}],"line":14},"1":{"loc":{"start":{"line":15,"column":6},"end":{"line":17,"column":7}},"type":"if","locations":[{"start":{"line":15,"column":6},"end":{"line":17,"column":7}},{"start":{"line":15,"column":6},"end":{"line":17,"column":7}}],"line":15},"2":{"loc":{"start":{"line":19,"column":11},"end":{"line":49,"column":5}},"type":"if","locations":[{"start":{"line":19,"column":11},"end":{"line":49,"column":5}},{"start":{"line":19,"column":11},"end":{"line":49,"column":5}}],"line":19},"3":{"loc":{"start":{"line":20,"column":6},"end":{"line":22,"column":7}},"type":"if","locations":[{"start":{"line":20,"column":6},"end":{"line":22,"column":7}},{"start":{"line":20,"column":6},"end":{"line":22,"column":7}}],"line":20},"4":{"loc":{"start":{"line":24,"column":11},"end":{"line":49,"column":5}},"type":"if","locations":[{"start":{"line":24,"column":11},"end":{"line":49,"column":5}},{"start":{"line":24,"column":11},"end":{"line":49,"column":5}}],"line":24},"5":{"loc":{"start":{"line":25,"column":6},"end":{"line":27,"column":7}},"type":"if","locations":[{"start":{"line":25,"column":6},"end":{"line":27,"column":7}},{"start":{"line":25,"column":6},"end":{"line":27,"column":7}}],"line":25},"6":{"loc":{"start":{"line":29,"column":11},"end":{"line":49,"column":5}},"type":"if","locations":[{"start":{"line":29,"column":11},"end":{"line":49,"column":5}},{"start":{"line":29,"column":11},"end":{"line":49,"column":5}}],"line":29},"7":{"loc":{"start":{"line":30,"column":6},"end":{"line":32,"column":7}},"type":"if","locations":[{"start":{"line":30,"column":6},"end":{"line":32,"column":7}},{"start":{"line":30,"column":6},"end":{"line":32,"column":7}}],"line":30},"8":{"loc":{"start":{"line":34,"column":11},"end":{"line":49,"column":5}},"type":"if","locations":[{"start":{"line":34,"column":11},"end":{"line":49,"column":5}},{"start":{"line":34,"column":11},"end":{"line":49,"column":5}}],"line":34},"9":{"loc":{"start":{"line":35,"column":6},"end":{"line":37,"column":7}},"type":"if","locations":[{"start":{"line":35,"column":6},"end":{"line":37,"column":7}},{"start":{"line":35,"column":6},"end":{"line":37,"column":7}}],"line":35},"10":{"loc":{"start":{"line":39,"column":11},"end":{"line":49,"column":5}},"type":"if","locations":[{"start":{"line":39,"column":11},"end":{"line":49,"column":5}},{"start":{"line":39,"column":11},"end":{"line":49,"column":5}}],"line":39},"11":{"loc":{"start":{"line":40,"column":6},"end":{"line":42,"column":7}},"type":"if","locations":[{"start":{"line":40,"column":6},"end":{"line":42,"column":7}},{"start":{"line":40,"column":6},"end":{"line":42,"column":7}}],"line":40},"12":{"loc":{"start":{"line":45,"column":6},"end":{"line":47,"column":7}},"type":"if","locations":[{"start":{"line":45,"column":6},"end":{"line":47,"column":7}},{"start":{"line":45,"column":6},"end":{"line":47,"column":7}}],"line":45}},"s":{"0":5,"1":20,"2":20,"3":20,"4":20,"5":20,"6":20,"7":20,"8":20,"9":20,"10":20,"11":2,"12":1,"13":1,"14":18,"15":2,"16":1,"17":1,"18":16,"19":2,"20":1,"21":1,"22":14,"23":2,"24":1,"25":1,"26":12,"27":2,"28":1,"29":1,"30":10,"31":2,"32":1,"33":1,"34":8,"35":1,"36":7},"f":{"0":20},"b":{"0":[2,18],"1":[1,1],"2":[2,16],"3":[1,1],"4":[2,14],"5":[1,1],"6":[2,12],"7":[1,1],"8":[2,10],"9":[1,1],"10":[2,8],"11":[1,1],"12":[1,7]},"_coverageSchema":"43e27e138ebf9cfc5966b082cf9a028302ed4184","hash":"75a56b93a0fb4308466b837a22eac777ab8d9884"}
}
