TN:
SF:/Users/rytisrazmus/praktika/bandymas/hmm/hmm/src/components/Add-Post.vue
FN:35,(anonymous_1)
FN:44,(anonymous_2)
FN:53,(anonymous_3)
FN:63,(anonymous_4)
FN:72,(anonymous_5)
FNF:5
FNH:5
FNDA:3,(anonymous_1)
FNDA:2,(anonymous_2)
FNDA:1,(anonymous_3)
FNDA:1,(anonymous_4)
FNDA:3,(anonymous_5)
DA:30,4
DA:31,4
DA:36,3
DA:45,2
DA:46,2
DA:47,2
DA:48,0
DA:50,2
DA:52,2
DA:53,1
DA:54,1
DA:55,1
DA:57,1
DA:58,1
DA:60,1
DA:64,1
DA:69,0
DA:73,3
DA:74,1
LF:19
LH:17
BRDA:47,0,0,0
BRDA:47,0,1,2
BRDA:47,1,0,2
BRDA:47,1,1,2
BRDA:52,2,0,1
BRDA:52,2,1,1
BRDA:52,3,0,2
BRDA:52,3,1,2
BRDA:73,4,0,1
BRDA:73,4,1,2
BRF:10
BRH:9
end_of_record
TN:
SF:/Users/rytisrazmus/praktika/bandymas/hmm/hmm/src/components/Chat.vue
FN:25,(anonymous_1)
FN:28,(anonymous_2)
FNF:2
FNH:1
FNDA:0,(anonymous_1)
FNDA:1,(anonymous_2)
DA:26,0
DA:29,1
DA:30,0
DA:32,1
LF:4
LH:2
BRDA:29,0,0,0
BRDA:29,0,1,1
BRF:2
BRH:1
end_of_record
TN:
SF:/Users/rytisrazmus/praktika/bandymas/hmm/hmm/src/components/ChatWindow.vue
FN:33,(anonymous_1)
FN:42,(anonymous_2)
FN:54,(anonymous_3)
FN:61,(anonymous_4)
FN:64,(anonymous_5)
FN:84,(anonymous_6)
FN:89,(anonymous_7)
FN:97,(anonymous_8)
FN:101,(anonymous_9)
FN:107,(anonymous_10)
FN:110,(anonymous_11)
FN:112,(anonymous_12)
FN:121,(anonymous_13)
FNF:13
FNH:6
FNDA:1,(anonymous_1)
FNDA:1,(anonymous_2)
FNDA:1,(anonymous_3)
FNDA:0,(anonymous_4)
FNDA:0,(anonymous_5)
FNDA:1,(anonymous_6)
FNDA:0,(anonymous_7)
FNDA:1,(anonymous_8)
FNDA:0,(anonymous_9)
FNDA:0,(anonymous_10)
FNDA:1,(anonymous_11)
FNDA:0,(anonymous_12)
FNDA:0,(anonymous_13)
DA:25,3
DA:26,3
DA:35,1
DA:43,1
DA:44,1
DA:46,1
DA:47,1
DA:48,20
DA:52,1
DA:55,1
DA:56,1
DA:57,1
DA:59,0
DA:62,0
DA:66,0
DA:67,0
DA:68,0
DA:69,0
DA:75,0
DA:81,0
DA:82,0
DA:85,1
DA:86,1
DA:87,1
DA:88,1
DA:96,0
DA:98,1
DA:102,0
DA:108,0
DA:111,1
DA:112,0
DA:113,0
DA:114,0
DA:118,1
DA:122,0
LF:35
LH:19
BRDA:56,0,0,1
BRDA:56,0,1,0
BRDA:111,1,0,0
BRDA:111,1,1,1
BRDA:113,2,0,0
BRDA:113,2,1,0
BRF:6
BRH:2
end_of_record
TN:
SF:/Users/rytisrazmus/praktika/bandymas/hmm/hmm/src/components/Comments.vue
FN:29,(anonymous_1)
FN:35,(anonymous_2)
FN:40,(anonymous_3)
FNF:3
FNH:2
FNDA:2,(anonymous_1)
FNDA:0,(anonymous_2)
FNDA:2,(anonymous_3)
DA:30,2
DA:36,0
DA:37,0
LF:3
LH:1
BRF:0
BRH:0
end_of_record
TN:
SF:/Users/rytisrazmus/praktika/bandymas/hmm/hmm/src/components/Feed.vue
FN:33,(anonymous_1)
FN:43,(anonymous_2)
FN:47,(anonymous_3)
FN:50,(anonymous_4)
FN:60,(anonymous_5)
FN:62,(anonymous_6)
FN:64,(anonymous_7)
FN:66,(anonymous_8)
FN:70,(anonymous_9)
FNF:9
FNH:5
FNDA:1,(anonymous_1)
FNDA:0,(anonymous_2)
FNDA:0,(anonymous_3)
FNDA:2,(anonymous_4)
FNDA:1,(anonymous_5)
FNDA:0,(anonymous_6)
FNDA:1,(anonymous_7)
FNDA:0,(anonymous_8)
FNDA:1,(anonymous_9)
DA:17,2
DA:18,2
DA:19,2
DA:20,2
DA:21,2
DA:22,2
DA:23,2
DA:34,1
DA:44,0
DA:45,0
DA:48,0
DA:51,2
DA:52,2
DA:57,2
DA:61,1
DA:62,1
DA:64,1
DA:65,1
DA:67,0
DA:71,1
DA:72,1
DA:73,1
LF:22
LH:18
BRDA:61,0,0,1
BRDA:61,0,1,0
BRDA:71,1,0,1
BRDA:71,1,1,0
BRF:4
BRH:2
end_of_record
TN:
SF:/Users/rytisrazmus/praktika/bandymas/hmm/hmm/src/components/Header.vue
FN:74,(anonymous_1)
FN:84,(anonymous_2)
FN:87,(anonymous_3)
FN:89,(anonymous_4)
FN:95,(anonymous_5)
FN:100,(anonymous_6)
FN:102,(anonymous_7)
FN:108,(anonymous_8)
FN:113,(anonymous_9)
FN:125,(anonymous_10)
FN:131,(anonymous_11)
FN:138,(anonymous_12)
FN:142,(anonymous_13)
FN:145,(anonymous_14)
FN:149,(anonymous_15)
FNF:15
FNH:5
FNDA:2,(anonymous_1)
FNDA:0,(anonymous_2)
FNDA:0,(anonymous_3)
FNDA:0,(anonymous_4)
FNDA:0,(anonymous_5)
FNDA:0,(anonymous_6)
FNDA:0,(anonymous_7)
FNDA:0,(anonymous_8)
FNDA:3,(anonymous_9)
FNDA:1,(anonymous_10)
FNDA:3,(anonymous_11)
FNDA:0,(anonymous_12)
FNDA:0,(anonymous_13)
FNDA:0,(anonymous_14)
FNDA:2,(anonymous_15)
DA:67,3
DA:68,3
DA:69,3
DA:75,2
DA:85,0
DA:88,0
DA:94,0
DA:97,0
DA:101,0
DA:107,0
DA:110,0
DA:114,3
DA:115,3
DA:120,1
DA:122,2
DA:126,1
DA:127,0
DA:129,1
DA:132,3
DA:133,3
DA:134,3
DA:136,0
DA:139,0
DA:140,0
DA:141,0
DA:145,0
DA:150,2
DA:151,2
DA:152,2
LF:29
LH:16
BRDA:126,0,0,0
BRDA:126,0,1,1
BRDA:133,1,0,3
BRDA:133,1,1,0
BRDA:140,2,0,0
BRDA:140,2,1,0
BRF:6
BRH:2
end_of_record
TN:
SF:/Users/rytisrazmus/praktika/bandymas/hmm/hmm/src/components/Post.vue
FN:96,(anonymous_1)
FN:105,(anonymous_2)
FN:113,(anonymous_3)
FN:116,(anonymous_4)
FN:123,(anonymous_5)
FN:128,(anonymous_6)
FN:133,(anonymous_7)
FN:141,(anonymous_8)
FN:152,(anonymous_10)
FN:156,(anonymous_11)
FN:158,(anonymous_12)
FN:164,(anonymous_13)
FN:181,(anonymous_14)
FN:187,(anonymous_15)
FNF:14
FNH:5
FNDA:3,(anonymous_1)
FNDA:1,(anonymous_2)
FNDA:0,(anonymous_3)
FNDA:0,(anonymous_4)
FNDA:0,(anonymous_5)
FNDA:0,(anonymous_6)
FNDA:0,(anonymous_7)
FNDA:0,(anonymous_8)
FNDA:6,(anonymous_10)
FNDA:0,(anonymous_11)
FNDA:0,(anonymous_12)
FNDA:2,(anonymous_13)
FNDA:3,(anonymous_14)
FNDA:0,(anonymous_15)
DA:83,4
DA:84,4
DA:85,4
DA:86,4
DA:97,3
DA:106,1
DA:111,1
DA:114,0
DA:115,0
DA:122,0
DA:125,0
DA:129,0
DA:130,0
DA:134,0
DA:135,0
DA:137,0
DA:138,0
DA:139,0
DA:140,0
DA:147,0
DA:148,0
DA:154,6
DA:157,0
DA:165,2
DA:166,2
DA:167,2
DA:168,2
DA:173,1
DA:174,1
DA:176,1
DA:177,1
DA:182,3
DA:183,0
DA:188,0
LF:34
LH:17
BRDA:129,0,0,0
BRDA:129,0,1,0
BRDA:134,1,0,0
BRDA:134,1,1,0
BRDA:166,2,0,0
BRDA:166,2,1,2
BRDA:182,3,0,0
BRDA:182,3,1,3
BRF:8
BRH:2
end_of_record
TN:
SF:/Users/rytisrazmus/praktika/bandymas/hmm/hmm/src/components/Posts.vue
FN:41,(anonymous_1)
FN:51,(anonymous_2)
FN:56,(anonymous_3)
FN:57,(anonymous_4)
FN:61,(anonymous_5)
FN:71,(anonymous_6)
FN:93,(anonymous_7)
FN:109,(anonymous_8)
FNF:8
FNH:7
FNDA:4,(anonymous_1)
FNDA:0,(anonymous_2)
FNDA:1,(anonymous_3)
FNDA:2,(anonymous_4)
FNDA:1,(anonymous_5)
FNDA:5,(anonymous_6)
FNDA:1,(anonymous_7)
FNDA:4,(anonymous_8)
DA:29,3
DA:30,3
DA:32,3
DA:34,3
DA:42,4
DA:52,0
DA:57,1
DA:58,2
DA:62,1
DA:63,0
DA:64,0
DA:65,0
DA:67,0
DA:72,5
DA:73,0
DA:74,0
DA:76,5
DA:77,5
DA:78,5
DA:80,5
DA:81,0
DA:83,5
DA:84,5
DA:93,1
DA:94,1
DA:95,1
DA:96,1
DA:97,1
DA:98,1
DA:102,1
DA:103,1
DA:105,5
DA:110,4
LF:33
LH:25
BRDA:63,0,0,0
BRDA:63,0,1,0
BRDA:64,1,0,0
BRDA:64,1,1,0
BRDA:72,2,0,0
BRDA:72,2,1,5
BRDA:77,3,0,5
BRDA:77,3,1,0
BRDA:77,4,0,5
BRDA:77,4,1,0
BRDA:80,5,0,0
BRDA:80,5,1,5
BRDA:97,6,0,1
BRDA:97,6,1,0
BRF:14
BRH:5
end_of_record
TN:
SF:/Users/rytisrazmus/praktika/bandymas/hmm/hmm/src/components/Profile.vue
FN:45,(anonymous_1)
FN:56,(anonymous_2)
FN:62,(anonymous_3)
FN:68,(anonymous_4)
FN:70,(anonymous_5)
FN:76,(anonymous_6)
FN:81,(anonymous_7)
FN:93,(anonymous_8)
FN:100,(anonymous_9)
FN:109,(anonymous_10)
FN:111,(anonymous_11)
FN:117,(anonymous_12)
FN:122,(anonymous_13)
FN:125,(anonymous_14)
FN:130,(anonymous_15)
FN:137,(anonymous_16)
FNF:16
FNH:10
FNDA:3,(anonymous_1)
FNDA:6,(anonymous_2)
FNDA:2,(anonymous_3)
FNDA:0,(anonymous_4)
FNDA:0,(anonymous_5)
FNDA:0,(anonymous_6)
FNDA:4,(anonymous_7)
FNDA:5,(anonymous_8)
FNDA:4,(anonymous_9)
FNDA:0,(anonymous_10)
FNDA:0,(anonymous_11)
FNDA:3,(anonymous_12)
FNDA:1,(anonymous_13)
FNDA:2,(anonymous_14)
FNDA:3,(anonymous_15)
FNDA:0,(anonymous_16)
DA:36,1
DA:37,1
DA:38,1
DA:46,3
DA:57,6
DA:58,6
DA:59,6
DA:60,6
DA:63,2
DA:64,0
DA:66,2
DA:69,0
DA:75,0
DA:78,0
DA:82,4
DA:87,2
DA:88,2
DA:89,2
DA:94,5
DA:99,4
DA:100,4
DA:101,4
DA:103,4
DA:104,2
DA:106,2
DA:110,0
DA:118,3
DA:119,0
DA:120,0
DA:122,3
DA:123,1
DA:125,3
DA:126,2
DA:134,3
DA:138,0
LF:35
LH:27
BRDA:63,0,0,0
BRDA:63,0,1,2
BRDA:88,1,0,2
BRDA:88,1,1,0
BRDA:103,2,0,2
BRDA:103,2,1,2
BRDA:103,3,0,4
BRDA:103,3,1,2
BRDA:118,4,0,0
BRDA:118,4,1,3
BRF:10
BRH:7
end_of_record
TN:
SF:/Users/rytisrazmus/praktika/bandymas/hmm/hmm/src/components/SearchBar.vue
FN:34,(anonymous_1)
FN:43,(anonymous_2)
FN:45,(anonymous_3)
FN:54,(anonymous_4)
FN:57,(anonymous_5)
FN:58,(anonymous_6)
FN:65,(anonymous_7)
FN:83,(anonymous_8)
FNF:8
FNH:5
FNDA:6,(anonymous_1)
FNDA:0,(anonymous_2)
FNDA:0,(anonymous_3)
FNDA:0,(anonymous_4)
FNDA:3,(anonymous_5)
FNDA:6,(anonymous_6)
FNDA:3,(anonymous_7)
FNDA:4,(anonymous_8)
DA:29,4
DA:30,4
DA:35,6
DA:44,0
DA:50,0
DA:52,0
DA:55,0
DA:58,3
DA:59,6
DA:60,1
DA:66,3
DA:67,0
DA:69,3
DA:70,3
DA:73,2
DA:74,2
DA:75,2
DA:77,1
DA:84,4
DA:85,3
LF:20
LH:15
BRDA:59,0,0,1
BRDA:59,0,1,5
BRDA:66,1,0,0
BRDA:66,1,1,3
BRDA:84,2,0,3
BRDA:84,2,1,1
BRF:6
BRH:5
end_of_record
TN:
SF:/Users/rytisrazmus/praktika/bandymas/hmm/hmm/src/components/SignIn.vue
FN:48,(anonymous_1)
FN:64,(anonymous_2)
FN:71,(anonymous_3)
FN:76,(anonymous_4)
FN:80,(anonymous_5)
FN:84,(anonymous_6)
FN:92,(anonymous_7)
FN:95,(anonymous_8)
FN:109,(anonymous_9)
FN:116,(anonymous_10)
FN:123,(anonymous_11)
FN:147,(anonymous_12)
FN:160,(anonymous_13)
FNF:13
FNH:8
FNDA:1,(anonymous_1)
FNDA:1,(anonymous_2)
FNDA:4,(anonymous_3)
FNDA:2,(anonymous_4)
FNDA:2,(anonymous_5)
FNDA:2,(anonymous_6)
FNDA:0,(anonymous_7)
FNDA:1,(anonymous_8)
FNDA:0,(anonymous_9)
FNDA:0,(anonymous_10)
FNDA:1,(anonymous_11)
FNDA:0,(anonymous_12)
FNDA:0,(anonymous_13)
DA:41,1
DA:42,1
DA:43,1
DA:44,1
DA:49,1
DA:65,1
DA:66,0
DA:68,1
DA:72,4
DA:73,4
DA:74,4
DA:77,2
DA:78,2
DA:81,2
DA:82,2
DA:85,2
DA:86,2
DA:88,0
DA:90,2
DA:93,0
DA:96,1
DA:97,1
DA:98,1
DA:99,1
DA:100,1
DA:102,0
DA:112,0
DA:113,0
DA:114,0
DA:118,0
DA:119,0
DA:120,0
DA:124,1
DA:125,1
DA:126,1
DA:127,1
DA:128,1
DA:129,1
DA:130,1
DA:132,1
DA:141,1
DA:142,0
DA:143,0
DA:145,0
DA:146,0
DA:156,0
DA:162,0
DA:163,0
DA:164,0
LF:49
LH:31
BRDA:65,0,0,0
BRDA:65,0,1,1
BRDA:85,1,0,2
BRDA:85,1,1,0
BRDA:93,2,0,0
BRDA:93,2,1,0
BRDA:98,3,0,1
BRDA:98,3,1,0
BRDA:98,4,0,1
BRDA:98,4,1,0
BRDA:112,5,0,0
BRDA:112,5,1,0
BRDA:132,6,0,1
BRDA:132,6,1,0
BRDA:132,7,0,1
BRDA:132,7,1,0
BRDA:132,7,2,0
BRDA:132,7,3,0
BRDA:132,7,4,0
BRDA:132,7,5,0
BRDA:132,7,6,0
BRDA:142,8,0,0
BRDA:142,8,1,0
BRF:23
BRH:6
end_of_record
TN:
SF:/Users/rytisrazmus/praktika/bandymas/hmm/hmm/src/modules/Constants.js
FNF:0
FNH:0
DA:1,9
LF:1
LH:1
BRF:0
BRH:0
end_of_record
TN:
SF:/Users/rytisrazmus/praktika/bandymas/hmm/hmm/src/modules/TimeAgo.js
FN:2,(anonymous_0)
FNF:1
FNH:1
FNDA:20,(anonymous_0)
DA:1,5
DA:3,20
DA:5,20
DA:6,20
DA:7,20
DA:8,20
DA:9,20
DA:10,20
DA:11,20
DA:12,20
DA:14,20
DA:15,2
DA:16,1
DA:18,1
DA:19,18
DA:20,2
DA:21,1
DA:23,1
DA:24,16
DA:25,2
DA:26,1
DA:28,1
DA:29,14
DA:30,2
DA:31,1
DA:33,1
DA:34,12
DA:35,2
DA:36,1
DA:38,1
DA:39,10
DA:40,2
DA:41,1
DA:43,1
DA:45,8
DA:46,1
DA:48,7
LF:37
LH:37
BRDA:14,0,0,2
BRDA:14,0,1,18
BRDA:15,1,0,1
BRDA:15,1,1,1
BRDA:19,2,0,2
BRDA:19,2,1,16
BRDA:20,3,0,1
BRDA:20,3,1,1
BRDA:24,4,0,2
BRDA:24,4,1,14
BRDA:25,5,0,1
BRDA:25,5,1,1
BRDA:29,6,0,2
BRDA:29,6,1,12
BRDA:30,7,0,1
BRDA:30,7,1,1
BRDA:34,8,0,2
BRDA:34,8,1,10
BRDA:35,9,0,1
BRDA:35,9,1,1
BRDA:39,10,0,2
BRDA:39,10,1,8
BRDA:40,11,0,1
BRDA:40,11,1,1
BRDA:45,12,0,1
BRDA:45,12,1,7
BRF:26
BRH:26
end_of_record
